<?xml version="1.0" encoding="UTF-8"?>
<testng-results ignored="0" total="1" passed="1" failed="0" skipped="0">
  <reporter-output>
  </reporter-output>
  <suite started-at="2022-02-08T09:06:18Z" name="Data Driven Basics" finished-at="2022-02-08T09:06:21Z" duration-ms="2823">
    <groups>
    </groups>
    <test started-at="2022-02-08T09:06:18Z" name="LoginTest" finished-at="2022-02-08T09:06:21Z" duration-ms="2823">
      <class name="testcases.LoginTest">
        <test-method is-config="true" signature="setUp()[pri:0, instance:testcases.LoginTest@37e4d7bb]" started-at="2022-02-08T09:06:13Z" name="setUp" finished-at="2022-02-08T09:06:18Z" duration-ms="5002" status="PASS">
          <reporter-output>
          </reporter-output>
        </test-method> <!-- setUp -->
        <test-method is-config="true" signature="setUp()[pri:0, instance:testcases.LoginTest@37e4d7bb]" started-at="2022-02-08T09:06:18Z" name="setUp" finished-at="2022-02-08T09:06:19Z" duration-ms="634" status="PASS">
          <reporter-output>
          </reporter-output>
        </test-method> <!-- setUp -->
        <test-method signature="login()[pri:0, instance:testcases.LoginTest@37e4d7bb]" started-at="2022-02-08T09:06:19Z" name="login" finished-at="2022-02-08T09:06:21Z" duration-ms="2078" status="PASS">
          <reporter-output>
          </reporter-output>
        </test-method> <!-- login -->
        <test-method is-config="true" signature="tearDown()[pri:0, instance:testcases.LoginTest@37e4d7bb]" started-at="2022-02-08T09:06:21Z" name="tearDown" finished-at="2022-02-08T09:06:21Z" duration-ms="87" status="PASS">
          <reporter-output>
          </reporter-output>
        </test-method> <!-- tearDown -->
        <test-method is-config="true" signature="tearDown()[pri:0, instance:testcases.LoginTest@37e4d7bb]" started-at="2022-02-08T09:06:21Z" name="tearDown" finished-at="2022-02-08T09:06:21Z" duration-ms="0" status="PASS">
          <reporter-output>
          </reporter-output>
        </test-method> <!-- tearDown -->
      </class> <!-- testcases.LoginTest -->
    </test> <!-- LoginTest -->
  </suite> <!-- Data Driven Basics -->
</testng-results>
