<?xml version="1.0" encoding="UTF-8"?>
<testng-results ignored="2" total="3" passed="1" failed="0" skipped="0">
  <reporter-output>
  </reporter-output>
  <suite started-at="2022-02-09T08:22:25Z" name="Default suite" finished-at="2022-02-09T08:22:28Z" duration-ms="3414">
    <groups>
    </groups>
    <test started-at="2022-02-09T08:22:25Z" name="Default test" finished-at="2022-02-09T08:22:28Z" duration-ms="3414">
      <class name="base.TestBase">
        <test-method is-config="true" signature="setUp()[pri:0, instance:base.TestBase@2ea6e30c]" started-at="2022-02-09T08:22:20Z" name="setUp" finished-at="2022-02-09T08:22:25Z" duration-ms="4704" status="PASS">
          <reporter-output>
          </reporter-output>
        </test-method> <!-- setUp -->
        <test-method is-config="true" signature="tearDown()[pri:0, instance:base.TestBase@2ea6e30c]" started-at="2022-02-09T08:22:28Z" name="tearDown" finished-at="2022-02-09T08:22:28Z" duration-ms="0" status="PASS">
          <reporter-output>
          </reporter-output>
        </test-method> <!-- tearDown -->
      </class> <!-- base.TestBase -->
      <class name="testcases.LoginTest">
        <test-method is-config="true" signature="setUp()[pri:0, instance:testcases.LoginTest@6138e79a]" started-at="2022-02-09T08:22:25Z" name="setUp" finished-at="2022-02-09T08:22:26Z" duration-ms="694" status="PASS">
          <reporter-output>
          </reporter-output>
        </test-method> <!-- setUp -->
        <test-method signature="login()[pri:0, instance:testcases.LoginTest@6138e79a]" started-at="2022-02-09T08:22:26Z" name="login" finished-at="2022-02-09T08:22:28Z" duration-ms="2623" status="PASS">
          <reporter-output>
          </reporter-output>
        </test-method> <!-- login -->
        <test-method is-config="true" signature="tearDown()[pri:0, instance:testcases.LoginTest@6138e79a]" started-at="2022-02-09T08:22:28Z" name="tearDown" finished-at="2022-02-09T08:22:28Z" duration-ms="80" status="PASS">
          <reporter-output>
          </reporter-output>
        </test-method> <!-- tearDown -->
      </class> <!-- testcases.LoginTest -->
    </test> <!-- Default test -->
  </suite> <!-- Default suite -->
</testng-results>
